{"/home/fgustavo/Documentos/labs/jetpage.js/jetpage.js/src/jetpage.ts": {"path":"/home/fgustavo/Documentos/labs/jetpage.js/jetpage.js/src/jetpage.ts","statementMap":{"0":{"start":{"line":8,"column":22},"end":{"line":16,"column":4}},"1":{"start":{"line":9,"column":2},"end":{"line":15,"column":4}},"2":{"start":{"line":10,"column":4},"end":{"line":14,"column":6}},"3":{"start":{"line":12,"column":8},"end":{"line":12,"column":31}},"4":{"start":{"line":19,"column":0},"end":{"line":19,"column":46}}},"fnMap":{"0":{"name":"(anonymous_0)","decl":{"start":{"line":8,"column":23},"end":{"line":8,"column":24}},"loc":{"start":{"line":8,"column":35},"end":{"line":16,"column":1}},"line":8},"1":{"name":"(anonymous_1)","decl":{"start":{"line":9,"column":9},"end":{"line":9,"column":10}},"loc":{"start":{"line":9,"column":29},"end":{"line":15,"column":3}},"line":9},"2":{"name":"(anonymous_2)","decl":{"start":{"line":11,"column":13},"end":{"line":11,"column":14}},"loc":{"start":{"line":11,"column":19},"end":{"line":13,"column":7}},"line":11}},"branchMap":{},"s":{"0":0,"1":0,"2":0,"3":0,"4":0},"f":{"0":0,"1":0,"2":0},"b":{}}
,"/home/fgustavo/Documentos/labs/jetpage.js/jetpage.js/src/core/index.ts": {"path":"/home/fgustavo/Documentos/labs/jetpage.js/jetpage.js/src/core/index.ts","statementMap":{"0":{"start":{"line":4,"column":30},"end":{"line":8,"column":1}},"1":{"start":{"line":6,"column":2},"end":{"line":6,"column":29}}},"fnMap":{"0":{"name":"(anonymous_0)","decl":{"start":{"line":4,"column":30},"end":{"line":4,"column":31}},"loc":{"start":{"line":4,"column":50},"end":{"line":8,"column":1}},"line":4}},"branchMap":{},"s":{"0":0,"1":0},"f":{"0":0},"b":{}}
,"/home/fgustavo/Documentos/labs/jetpage.js/jetpage.js/src/dom/index.ts": {"path":"/home/fgustavo/Documentos/labs/jetpage.js/jetpage.js/src/dom/index.ts","statementMap":{"0":{"start":{"line":4,"column":29},"end":{"line":7,"column":1}},"1":{"start":{"line":5,"column":24},"end":{"line":5,"column":62}},"2":{"start":{"line":6,"column":2},"end":{"line":6,"column":23}}},"fnMap":{"0":{"name":"(anonymous_0)","decl":{"start":{"line":4,"column":29},"end":{"line":4,"column":30}},"loc":{"start":{"line":4,"column":35},"end":{"line":7,"column":1}},"line":4}},"branchMap":{},"s":{"0":0,"1":0,"2":0},"f":{"0":0},"b":{}}
,"/home/fgustavo/Documentos/labs/jetpage.js/jetpage.js/src/dom/document/index.ts": {"path":"/home/fgustavo/Documentos/labs/jetpage.js/jetpage.js/src/dom/document/index.ts","statementMap":{"0":{"start":{"line":1,"column":27},"end":{"line":3,"column":1}},"1":{"start":{"line":2,"column":2},"end":{"line":2,"column":44}},"2":{"start":{"line":5,"column":27},"end":{"line":7,"column":1}},"3":{"start":{"line":6,"column":2},"end":{"line":6,"column":79}}},"fnMap":{"0":{"name":"(anonymous_0)","decl":{"start":{"line":1,"column":27},"end":{"line":1,"column":28}},"loc":{"start":{"line":1,"column":33},"end":{"line":3,"column":1}},"line":1},"1":{"name":"(anonymous_1)","decl":{"start":{"line":5,"column":27},"end":{"line":5,"column":28}},"loc":{"start":{"line":5,"column":33},"end":{"line":7,"column":1}},"line":5}},"branchMap":{},"s":{"0":0,"1":0,"2":0,"3":0},"f":{"0":0,"1":0},"b":{}}
,"/home/fgustavo/Documentos/labs/jetpage.js/jetpage.js/src/dom/helpers/index.ts": {"path":"/home/fgustavo/Documentos/labs/jetpage.js/jetpage.js/src/dom/helpers/index.ts","statementMap":{"0":{"start":{"line":16,"column":30},"end":{"line":17,"column":38}},"1":{"start":{"line":17,"column":2},"end":{"line":17,"column":38}},"2":{"start":{"line":19,"column":23},"end":{"line":26,"column":2}},"3":{"start":{"line":19,"column":53},"end":{"line":26,"column":1}},"4":{"start":{"line":28,"column":26},"end":{"line":32,"column":2}},"5":{"start":{"line":28,"column":51},"end":{"line":32,"column":1}},"6":{"start":{"line":34,"column":27},"end":{"line":45,"column":1}},"7":{"start":{"line":38,"column":2},"end":{"line":38,"column":61}},"8":{"start":{"line":38,"column":48},"end":{"line":38,"column":61}},"9":{"start":{"line":39,"column":2},"end":{"line":39,"column":61}},"10":{"start":{"line":39,"column":48},"end":{"line":39,"column":61}},"11":{"start":{"line":40,"column":2},"end":{"line":40,"column":61}},"12":{"start":{"line":40,"column":48},"end":{"line":40,"column":61}},"13":{"start":{"line":41,"column":2},"end":{"line":42,"column":17}},"14":{"start":{"line":42,"column":4},"end":{"line":42,"column":17}},"15":{"start":{"line":44,"column":2},"end":{"line":44,"column":14}},"16":{"start":{"line":47,"column":34},"end":{"line":55,"column":1}},"17":{"start":{"line":51,"column":18},"end":{"line":51,"column":38}},"18":{"start":{"line":52,"column":21},"end":{"line":52,"column":48}},"19":{"start":{"line":54,"column":2},"end":{"line":54,"column":49}},"20":{"start":{"line":57,"column":39},"end":{"line":66,"column":1}},"21":{"start":{"line":60,"column":19},"end":{"line":60,"column":51}},"22":{"start":{"line":61,"column":23},"end":{"line":63,"column":3}},"23":{"start":{"line":62,"column":4},"end":{"line":62,"column":45}},"24":{"start":{"line":65,"column":2},"end":{"line":65,"column":22}}},"fnMap":{"0":{"name":"(anonymous_0)","decl":{"start":{"line":16,"column":30},"end":{"line":16,"column":31}},"loc":{"start":{"line":17,"column":2},"end":{"line":17,"column":38}},"line":17},"1":{"name":"(anonymous_1)","decl":{"start":{"line":19,"column":23},"end":{"line":19,"column":24}},"loc":{"start":{"line":19,"column":53},"end":{"line":26,"column":1}},"line":19},"2":{"name":"(anonymous_2)","decl":{"start":{"line":28,"column":26},"end":{"line":28,"column":27}},"loc":{"start":{"line":28,"column":51},"end":{"line":32,"column":1}},"line":28},"3":{"name":"(anonymous_3)","decl":{"start":{"line":34,"column":27},"end":{"line":34,"column":28}},"loc":{"start":{"line":37,"column":5},"end":{"line":45,"column":1}},"line":37},"4":{"name":"(anonymous_4)","decl":{"start":{"line":47,"column":34},"end":{"line":47,"column":35}},"loc":{"start":{"line":50,"column":5},"end":{"line":55,"column":1}},"line":50},"5":{"name":"(anonymous_5)","decl":{"start":{"line":57,"column":39},"end":{"line":57,"column":40}},"loc":{"start":{"line":59,"column":5},"end":{"line":66,"column":1}},"line":59},"6":{"name":"(anonymous_6)","decl":{"start":{"line":61,"column":39},"end":{"line":61,"column":40}},"loc":{"start":{"line":62,"column":4},"end":{"line":62,"column":45}},"line":62}},"branchMap":{"0":{"loc":{"start":{"line":38,"column":2},"end":{"line":38,"column":61}},"type":"if","locations":[{"start":{"line":38,"column":2},"end":{"line":38,"column":61}},{"start":{"line":38,"column":2},"end":{"line":38,"column":61}}],"line":38},"1":{"loc":{"start":{"line":39,"column":2},"end":{"line":39,"column":61}},"type":"if","locations":[{"start":{"line":39,"column":2},"end":{"line":39,"column":61}},{"start":{"line":39,"column":2},"end":{"line":39,"column":61}}],"line":39},"2":{"loc":{"start":{"line":40,"column":2},"end":{"line":40,"column":61}},"type":"if","locations":[{"start":{"line":40,"column":2},"end":{"line":40,"column":61}},{"start":{"line":40,"column":2},"end":{"line":40,"column":61}}],"line":40},"3":{"loc":{"start":{"line":41,"column":2},"end":{"line":42,"column":17}},"type":"if","locations":[{"start":{"line":41,"column":2},"end":{"line":42,"column":17}},{"start":{"line":41,"column":2},"end":{"line":42,"column":17}}],"line":41},"4":{"loc":{"start":{"line":41,"column":6},"end":{"line":41,"column":66}},"type":"binary-expr","locations":[{"start":{"line":41,"column":6},"end":{"line":41,"column":22}},{"start":{"line":41,"column":26},"end":{"line":41,"column":47}},{"start":{"line":41,"column":51},"end":{"line":41,"column":66}}],"line":41}},"s":{"0":1,"1":14,"2":1,"3":7,"4":1,"5":7,"6":1,"7":7,"8":1,"9":6,"10":1,"11":5,"12":1,"13":4,"14":3,"15":1,"16":1,"17":7,"18":7,"19":7,"20":1,"21":0,"22":0,"23":0,"24":0},"f":{"0":14,"1":7,"2":7,"3":7,"4":7,"5":0,"6":0},"b":{"0":[1,6],"1":[1,5],"2":[1,4],"3":[3,1],"4":[4,3,2]},"_coverageSchema":"1a1c01bbd47fc00a2c39e90264f33305004495a9","hash":"0fc645c1b80f22f38d27e4e4f8b4cdfb71db58a2"}
,"/home/fgustavo/Documentos/labs/jetpage.js/jetpage.js/src/utils/types.ts": {"path":"/home/fgustavo/Documentos/labs/jetpage.js/jetpage.js/src/utils/types.ts","statementMap":{},"fnMap":{},"branchMap":{},"s":{},"f":{},"b":{}}
}
